
> invoicesplit@0.1.0 build
> next build

▲ Next.js 16.1.1 (Turbopack)
- Environments: .env.local
- Experiments (use with caution):
  · serverActions

  Creating an optimized production build ...
✓ Compiled successfully in 3.3s
  Running TypeScript ...
Failed to compile.

./app/api/extract-invoice/route.ts:4:22
Type error: Could not find a declaration file for module 'pdf-parse'. '/Users/josephtsao/invoicesplit/node_modules/pdf-parse/index.js' implicitly has an 'any' type.
  Try `npm i --save-dev @types/pdf-parse` if it exists or add a new declaration (.d.ts) file containing `declare module 'pdf-parse';`

[0m [90m 2 |[39m [36mimport[39m { generateText } [36mfrom[39m [32m"ai"[39m[33m;[39m
 [90m 3 |[39m [36mimport[39m { qwenClient[33m,[39m [33mMODEL_NAME[39m } [36mfrom[39m [32m"@/lib/ai"[39m[33m;[39m
[31m[1m>[22m[39m[90m 4 |[39m [36mimport[39m pdfParse [36mfrom[39m [32m"pdf-parse"[39m[33m;[39m
 [90m   |[39m                      [31m[1m^[22m[39m
 [90m 5 |[39m
 [90m 6 |[39m [36mexport[39m [36mconst[39m maxDuration [33m=[39m [35m60[39m[33m;[39m [90m// Set max duration to 60 seconds for AI processing[39m
 [90m 7 |[39m[0m
Next.js build worker exited with code: 1 and signal: null
